<?xml version="1.0" encoding="UTF-8"?>
<testng-results skipped="0" failed="0" total="2" passed="2">
  <reporter-output>
  </reporter-output>
  <suite name="Default suite" duration-ms="18338" started-at="2020-02-17T21:40:55Z" finished-at="2020-02-17T21:41:14Z">
    <groups>
    </groups>
    <test name="Default test" duration-ms="18338" started-at="2020-02-17T21:40:55Z" finished-at="2020-02-17T21:41:14Z">
      <class name="practice.GBP_To_INR">
        <test-method status="PASS" signature="launchChrome()[pri:0, instance:practice.GBP_To_INR@7d9d1a19]" name="launchChrome" is-config="true" duration-ms="11856" started-at="2020-02-17T21:40:55Z" finished-at="2020-02-17T21:41:07Z">
          <reporter-output>
          </reporter-output>
        </test-method> <!-- launchChrome -->
        <test-method status="PASS" signature="convertGBPToInr()[pri:0, instance:practice.GBP_To_INR@7d9d1a19]" name="convertGBPToInr" duration-ms="5411" started-at="2020-02-17T21:41:07Z" finished-at="2020-02-17T21:41:13Z">
          <reporter-output>
          </reporter-output>
        </test-method> <!-- convertGBPToInr -->
        <test-method status="PASS" signature="sendEmail()[pri:0, instance:practice.GBP_To_INR@7d9d1a19]" name="sendEmail" duration-ms="1036" started-at="2020-02-17T21:41:13Z" finished-at="2020-02-17T21:41:14Z">
          <reporter-output>
          </reporter-output>
        </test-method> <!-- sendEmail -->
      </class> <!-- practice.GBP_To_INR -->
    </test> <!-- Default test -->
  </suite> <!-- Default suite -->
</testng-results>
